<?xml version="1.0" encoding="UTF-8"?>
<!-- Generated by org.testng.reporters.JUnitReportReporter -->
<testsuite hostname="DESKTOP-2ED7NG6" failures="0" tests="1" name="com.ui.test.LoginTestV5" time="0.906" errors="0" timestamp="2023-11-22T09:28:40 GMT-08:00" skipped="0">
  <testcase classname="com.ui.test.LoginTestV5" name="loginTest" time="0.906"/>
  <system-out/>
</testsuite> <!-- com.ui.test.LoginTestV5 -->
